[debug] [2022-07-25T04:31:21.532Z] ----------------------------------------------------------------------
[debug] [2022-07-25T04:31:21.534Z] Command:       /home/adtjha/.nvm/versions/node/v16.15.0/bin/node /home/linuxbrew/.linuxbrew/bin/firebase init hosting
[debug] [2022-07-25T04:31:21.535Z] CLI Version:   11.2.1
[debug] [2022-07-25T04:31:21.535Z] Platform:      linux
[debug] [2022-07-25T04:31:21.535Z] Node Version:  v16.15.0
[debug] [2022-07-25T04:31:21.536Z] Time:          Mon Jul 25 2022 10:01:21 GMT+0530 (India Standard Time)
[debug] [2022-07-25T04:31:21.536Z] ----------------------------------------------------------------------
[debug] 
[debug] [2022-07-25T04:31:21.605Z] > command requires scopes: ["email","openid","https://www.googleapis.com/auth/cloudplatformprojects.readonly","https://www.googleapis.com/auth/firebase","https://www.googleapis.com/auth/cloud-platform"]
[debug] [2022-07-25T04:31:21.605Z] > authorizing via signed-in user (adtjha1@gmail.com)
[info] 
     ######## #### ########  ######## ########     ###     ######  ########
     ##        ##  ##     ## ##       ##     ##  ##   ##  ##       ##
     ######    ##  ########  ######   ########  #########  ######  ######
     ##        ##  ##    ##  ##       ##     ## ##     ##       ## ##
     ##       #### ##     ## ######## ########  ##     ##  ######  ########

You're about to initialize a Firebase project in this directory:

  /home/adtjha/Documents/code/keySafe

Before we get started, keep in mind:

  * You are initializing within an existing Firebase project directory

[info] 
=== Project Setup
[info] 
[info] First, let's associate this project directory with a Firebase project.
[info] You can create multiple project aliases by running firebase use --add, 
[info] but for now we'll just set up a default project.
[info] 
[debug] [2022-07-25T04:31:21.609Z] Using project from CLI flag: apikeysafe
[debug] [2022-07-25T04:31:21.611Z] > refreshing access token with scopes: []
[debug] [2022-07-25T04:31:21.612Z] >>> [apiv2][query] POST https://www.googleapis.com/oauth2/v3/token [none]
[debug] [2022-07-25T04:31:21.613Z] >>> [apiv2][body] POST https://www.googleapis.com/oauth2/v3/token [omitted]
[debug] [2022-07-25T04:31:21.961Z] <<< [apiv2][status] POST https://www.googleapis.com/oauth2/v3/token 200
[debug] [2022-07-25T04:31:21.962Z] <<< [apiv2][body] POST https://www.googleapis.com/oauth2/v3/token [omitted]
[debug] [2022-07-25T04:31:22.000Z] >>> [apiv2][query] GET https://firebase.googleapis.com/v1beta1/projects/apikeysafe [none]
[debug] [2022-07-25T04:31:22.503Z] <<< [apiv2][status] GET https://firebase.googleapis.com/v1beta1/projects/apikeysafe 200
[debug] [2022-07-25T04:31:22.504Z] <<< [apiv2][body] GET https://firebase.googleapis.com/v1beta1/projects/apikeysafe {"projectId":"apikeysafe","projectNumber":"839041484167","displayName":"keySafe","name":"projects/apikeysafe","resources":{"hostingSite":"apikeysafe","storageBucket":"apikeysafe.appspot.com","locationId":"us-central"},"state":"ACTIVE","etag":"1_980c290f-60cf-4557-bc6d-9d721eea258e"}
[info] i  Using project apikeysafe (keySafe) 
[info] 
=== Hosting Setup
[info] 
[info] Your public directory is the folder (relative to your project directory) that
[info] will contain Hosting assets to be uploaded with firebase deploy. If you
[info] have a build process for your assets, use your build's output directory.
[info] 
